# r   PMF(r)   Fit(r)
1.775000  363.922000  368.159632
1.800000  299.523000  295.561107
1.825000  246.274000  237.859167
1.850000  202.193000  191.852306
1.875000  165.664000  155.055635
1.900000  135.372000  125.533115
1.925000  110.239000  101.770297
1.950000  89.383700  82.577334
1.975000  72.080100  67.014688
2.000000  57.730500  54.335957
2.025000  45.841600  43.943748
2.050000  36.005000  35.355878
2.075000  27.882300  28.180511
2.100000  21.192000  22.100389
2.125000  15.700000  16.867894
2.150000  11.211000  12.312366
2.175000  7.561580  8.354559
2.200000  4.615290  5.007656
2.225000  2.257550  2.335424
2.250000  0.392210  0.370331
2.275000  -0.994373  -0.947691
2.300000  -1.763200  -1.759100
2.325000  -2.192070  -2.224997
2.350000  -2.447730  -2.478573
2.375000  -2.600130  -2.609906
2.400000  -2.683570  -2.672160
2.425000  -2.717040  -2.693514
2.450000  -2.711980  -2.687225
2.475000  -2.675590  -2.658327
2.500000  -2.612580  -2.607639
2.525000  -2.525980  -2.534072
2.550000  -2.417680  -2.435944
2.575000  -2.288700  -2.311746
2.600000  -2.139370  -2.160584
2.625000  -1.969400  -1.982430
2.650000  -1.778020  -1.778230
2.675000  -1.564060  -1.549912
2.700000  -1.326190  -1.300311
2.725000  -1.063480  -1.033028
2.750000  -0.776664  -0.752237
2.775000  -0.470503  -0.462476
2.800000  -0.156576  -0.168411
2.825000  0.149695  0.125378
2.850000  0.441944  0.414594
2.875000  0.719175  0.695381
2.900000  0.980734  0.964440
2.925000  1.226170  1.219101
2.950000  1.455230  1.457341
2.975000  1.667770  1.677770
3.000000  1.863810  1.879581
3.025000  2.043430  2.062468
3.050000  2.206810  2.226547
3.075000  2.354180  2.372252
3.100000  2.485790  2.500246
3.125000  2.601920  2.611336
3.150000  2.702860  2.706402
3.175000  2.788910  2.786337
3.200000  2.860410  2.852009
3.225000  2.917690  2.904230
3.250000  2.961160  2.943742
3.275000  2.991250  2.971212
3.300000  3.008440  2.987238
3.325000  3.013280  2.992351
3.350000  3.006330  2.987033
3.375000  2.988200  2.971725
3.400000  2.959550  2.946842
3.425000  2.921010  2.912784
3.450000  2.873250  2.869945
3.475000  2.816940  2.818722
3.500000  2.752730  2.759522
3.525000  2.681260  2.692763
3.550000  2.603170  2.618881
3.575000  2.519070  2.538326
3.600000  2.429540  2.451567
3.625000  2.335160  2.359085
3.650000  2.236470  2.261377
3.675000  2.134000  2.158948
3.700000  2.028240  2.052313
3.725000  1.919660  1.941992
3.750000  1.808730  1.828505
3.775000  1.695850  1.712372
3.800000  1.581450  1.594108
3.825000  1.465900  1.474218
3.850000  1.349570  1.353199
3.875000  1.232790  1.231533
3.900000  1.115890  1.109687
3.925000  0.999156  0.988107
3.950000  0.882880  0.867221
3.975000  0.767321  0.747432
4.000000  0.652723  0.629121
4.025000  0.539311  0.512643
4.050000  0.427294  0.398324
4.075000  0.316865  0.286466
4.100000  0.208200  0.177341
4.125000  0.101461  0.071194
4.150000  -0.003208  -0.031760
4.175000  -0.105650  -0.131332
4.200000  -0.205540  -0.227361
4.225000  -0.302388  -0.319714
4.250000  -0.395719  -0.408284
4.275000  -0.485157  -0.492986
4.300000  -0.570441  -0.573765
4.325000  -0.651423  -0.650582
4.350000  -0.728040  -0.723424
4.375000  -0.800291  -0.792296
4.400000  -0.868217  -0.857222
4.425000  -0.931885  -0.918241
4.450000  -0.991372  -0.975409
4.475000  -1.046760  -1.028794
4.500000  -1.098140  -1.078476
4.525000  -1.145580  -1.124546
4.550000  -1.189170  -1.167101
4.575000  -1.229000  -1.206248
4.600000  -1.265150  -1.242097
4.625000  -1.297720  -1.274763
4.650000  -1.326820  -1.304362
4.675000  -1.352560  -1.331013
4.700000  -1.375070  -1.354834
4.725000  -1.394490  -1.375942
4.750000  -1.410980  -1.394452
4.775000  -1.424690  -1.410477
4.800000  -1.435800  -1.424124
4.825000  -1.444480  -1.435498
4.850000  -1.450920  -1.444698
4.875000  -1.455290  -1.451818
4.900000  -1.457780  -1.456946
4.925000  -1.458580  -1.460166
4.950000  -1.457880  -1.461553
4.975000  -1.455850  -1.461181
5.000000  -1.452670  -1.459115
5.025000  -1.448510  -1.455417
5.050000  -1.443520  -1.450143
5.075000  -1.437840  -1.443346
5.100000  -1.431550  -1.435075
5.125000  -1.424730  -1.425376
5.150000  -1.417330  -1.414296
5.175000  -1.409280  -1.401876
5.200000  -1.400410  -1.388160
5.225000  -1.390480  -1.373193
5.250000  -1.379230  -1.357020
5.275000  -1.366380  -1.339689
5.300000  -1.351660  -1.321251
5.325000  -1.334870  -1.301763
5.350000  -1.315850  -1.281284
5.375000  -1.294560  -1.259881
5.400000  -1.271030  -1.237626
5.425000  -1.245390  -1.214599
5.450000  -1.217830  -1.190885
5.475000  -1.188640  -1.166577
5.500000  -1.158120  -1.141777
5.525000  -1.126640  -1.116592
5.550000  -1.094570  -1.091135
5.575000  -1.062300  -1.065528
5.600000  -1.030210  -1.039896
5.625000  -0.998653  -1.014371
5.650000  -0.967966  -0.989087
5.675000  -0.938449  -0.964182
5.700000  -0.910364  -0.939794
5.725000  -0.883934  -0.916062
5.750000  -0.859340  -0.893124
5.775000  -0.836720  -0.871113
5.800000  -0.816177  -0.850160
5.825000  -0.797773  -0.830388
5.850000  -0.781542  -0.811913
5.875000  -0.767483  -0.794841
5.900000  -0.755575  -0.779269
5.925000  -0.745770  -0.765282
5.950000  -0.738005  -0.752951
5.975000  -0.732198  -0.742333
6.000000  -0.728257  -0.733471
6.025000  -0.726079  -0.726392
6.050000  -0.725552  -0.721108
6.075000  -0.726560  -0.717615
6.100000  -0.728984  -0.715893
6.125000  -0.732704  -0.715906
6.150000  -0.737599  -0.717605
6.175000  -0.743551  -0.720924
6.200000  -0.750445  -0.725786
6.225000  -0.758169  -0.732101
6.250000  -0.766617  -0.739768
6.275000  -0.775687  -0.748678
6.300000  -0.785285  -0.758713
6.325000  -0.795320  -0.769748
6.350000  -0.805708  -0.781654
6.375000  -0.816371  -0.794301
6.400000  -0.827235  -0.807554
6.425000  -0.838233  -0.821281
6.450000  -0.849300  -0.835351
6.475000  -0.860380  -0.849636
6.500000  -0.871416  -0.864011
6.525000  -0.882360  -0.878360
6.550000  -0.893163  -0.892571
6.575000  -0.903783  -0.906541
6.600000  -0.914180  -0.920175
6.625000  -0.924317  -0.933386
6.650000  -0.934159  -0.946097
6.675000  -0.943676  -0.958242
6.700000  -0.952840  -0.969762
6.725000  -0.961623  -0.980609
6.750000  -0.970004  -0.990744
6.775000  -0.977960  -1.000137
6.800000  -0.985473  -1.008767
6.825000  -0.992525  -1.016621
6.850000  -0.999101  -1.023692
6.875000  -1.005190  -1.029984
6.900000  -1.010780  -1.035502
6.925000  -1.015860  -1.040260
6.950000  -1.020440  -1.044275
6.975000  -1.024500  -1.047570
7.000000  -1.028050  -1.050170
7.025000  -1.031090  -1.052103
7.050000  -1.033620  -1.053398
7.075000  -1.035660  -1.054089
7.100000  -1.037210  -1.054207
7.125000  -1.038290  -1.053786
7.150000  -1.038910  -1.052858
7.175000  -1.039080  -1.051458
7.200000  -1.038830  -1.049617
7.225000  -1.038150  -1.047367
7.250000  -1.037080  -1.044739
7.275000  -1.035630  -1.041760
7.300000  -1.033820  -1.038460
7.325000  -1.031650  -1.034864
7.350000  -1.029150  -1.030997
7.375000  -1.026340  -1.026882
7.400000  -1.023210  -1.022541
7.425000  -1.019800  -1.017995
7.450000  -1.016110  -1.013262
7.475000  -1.012160  -1.008360
7.500000  -1.007950  -1.003305
7.525000  -1.003520  -0.998113
7.550000  -0.998865  -0.992798
7.575000  -0.994006  -0.987374
7.600000  -0.988957  -0.981853
7.625000  -0.983734  -0.976247
7.650000  -0.978353  -0.970569
7.675000  -0.972829  -0.964829
7.700000  -0.967178  -0.959038
7.725000  -0.961417  -0.953206
7.750000  -0.955559  -0.947344
7.775000  -0.949621  -0.941462
7.800000  -0.943617  -0.935569
7.825000  -0.937560  -0.929676
7.850000  -0.931465  -0.923792
7.875000  -0.925343  -0.917928
7.900000  -0.919205  -0.912092
7.925000  -0.913064  -0.906295
7.950000  -0.906928  -0.900546
7.975000  -0.900807  -0.894855
8.000000  -0.894710  -0.889232
8.025000  -0.888648  -0.883686
8.050000  -0.882628  -0.878226
8.075000  -0.876661  -0.872862
8.100000  -0.870757  -0.867603
8.125000  -0.864928  -0.862457
8.150000  -0.859187  -0.857433
8.175000  -0.853546  -0.852538
8.200000  -0.848021  -0.847781
8.225000  -0.842627  -0.843168
8.250000  -0.837381  -0.838707
8.275000  -0.832300  -0.834402
8.300000  -0.827400  -0.830260
8.325000  -0.822699  -0.826286
8.350000  -0.818212  -0.822483
8.375000  -0.813954  -0.818856
8.400000  -0.809939  -0.815406
8.425000  -0.806179  -0.812136
8.450000  -0.802683  -0.809047
8.475000  -0.799459  -0.806140
8.500000  -0.796510  -0.803414
8.525000  -0.793839  -0.800868
8.550000  -0.791445  -0.798499
8.575000  -0.789326  -0.796307
8.600000  -0.787474  -0.794286
8.625000  -0.785883  -0.792434
8.650000  -0.784541  -0.790744
8.675000  -0.783437  -0.789213
8.700000  -0.782557  -0.787833
8.725000  -0.781884  -0.786598
8.750000  -0.781404  -0.785501
8.775000  -0.781097  -0.784535
8.800000  -0.780947  -0.783691
8.825000  -0.780934  -0.782962
8.850000  -0.781041  -0.782338
8.875000  -0.781247  -0.781811
8.900000  -0.781536  -0.781372
8.925000  -0.781889  -0.781011
8.950000  -0.782289  -0.780720
8.975000  -0.782719  -0.780490
9.000000  -0.783163  -0.780311
9.025000  -0.783606  -0.780175
9.050000  -0.784035  -0.780072
9.075000  -0.784436  -0.779995
9.100000  -0.784797  -0.779934
9.125000  -0.785108  -0.779882
9.150000  -0.785358  -0.779832
9.175000  -0.785540  -0.779775
9.200000  -0.785645  -0.779706
9.225000  -0.785667  -0.779617
9.250000  -0.785599  -0.779502
9.275000  -0.785439  -0.779357
9.300000  -0.785181  -0.779176
9.325000  -0.784822  -0.778955
9.350000  -0.784362  -0.778688
9.375000  -0.783798  -0.778374
9.400000  -0.783130  -0.778008
9.425000  -0.782358  -0.777588
9.450000  -0.781482  -0.777111
9.475000  -0.780504  -0.776577
9.500000  -0.779426  -0.775984
9.525000  -0.778249  -0.775330
9.550000  -0.776976  -0.774615
9.575000  -0.775609  -0.773839
9.600000  -0.774153  -0.773003
9.625000  -0.772610  -0.772106
9.650000  -0.770984  -0.771150
9.675000  -0.769279  -0.770135
9.700000  -0.767498  -0.769063
9.725000  -0.765646  -0.767935
9.750000  -0.763726  -0.766753
9.775000  -0.761744  -0.765520
9.800000  -0.759703  -0.764236
9.825000  -0.757608  -0.762904
9.850000  -0.755463  -0.761526
9.875000  -0.753272  -0.760104
9.900000  -0.751041  -0.758641
9.925000  -0.748772  -0.757140
9.950000  -0.746471  -0.755602
9.975000  -0.744141  -0.754029
10.000000  -0.741787  -0.752425
10.025000  -0.739413  -0.750792
10.050000  -0.737023  -0.749131
10.075000  -0.734621  -0.747445
10.100000  -0.732211  -0.745736
10.125000  -0.729795  -0.744007
10.150000  -0.727379  -0.742258
10.175000  -0.724964  -0.740493
10.200000  -0.722556  -0.738713
10.225000  -0.720156  -0.736920
10.250000  -0.717768  -0.735116
10.275000  -0.715394  -0.733301
10.300000  -0.713038  -0.731479
10.325000  -0.710702  -0.729649
10.350000  -0.708389  -0.727814
10.375000  -0.706100  -0.725974
10.400000  -0.703838  -0.724131
10.425000  -0.701605  -0.722286
10.450000  -0.699402  -0.720440
10.475000  -0.697231  -0.718593
10.500000  -0.695094  -0.716747
10.525000  -0.692991  -0.714902
10.550000  -0.690925  -0.713060
10.575000  -0.688894  -0.711220
10.600000  -0.686902  -0.709384
10.625000  -0.684946  -0.707551
10.650000  -0.683030  -0.705722
10.675000  -0.681151  -0.703899
10.700000  -0.679311  -0.702080
10.725000  -0.677509  -0.700267
10.750000  -0.675744  -0.698459
10.775000  -0.674017  -0.696658
10.800000  -0.672327  -0.694863
10.825000  -0.670673  -0.693074
10.850000  -0.669054  -0.691292
10.875000  -0.667469  -0.689516
10.900000  -0.665918  -0.687748
10.925000  -0.664399  -0.685986
10.950000  -0.662911  -0.684232
10.975000  -0.661453  -0.682485
11.000000  -0.660024  -0.680745
11.025000  -0.658623  -0.679012
11.050000  -0.657248  -0.677287
11.075000  -0.655897  -0.675569
11.100000  -0.654571  -0.673858
11.125000  -0.653266  -0.672155
11.150000  -0.651983  -0.670459
11.175000  -0.650719  -0.668771
11.200000  -0.649473  -0.667089
11.225000  -0.648244  -0.665416
11.250000  -0.647031  -0.663749
11.275000  -0.645831  -0.662090
11.300000  -0.644643  -0.660438
11.325000  -0.643466  -0.658793
11.350000  -0.642299  -0.657156
11.375000  -0.641139  -0.655525
11.400000  -0.639986  -0.653902
11.425000  -0.638838  -0.652286
11.450000  -0.637693  -0.650677
11.475000  -0.636550  -0.649075
11.500000  -0.635407  -0.647480
11.525000  -0.634264  -0.645892
11.550000  -0.633118  -0.644311
11.575000  -0.631968  -0.642737
11.600000  -0.630814  -0.641169
11.625000  -0.629653  -0.639609
11.650000  -0.628486  -0.638055
11.675000  -0.627310  -0.636507
11.700000  -0.626125  -0.634967
11.725000  -0.624930  -0.633433
11.750000  -0.623725  -0.631905
11.775000  -0.622509  -0.630385
11.800000  -0.621281  -0.628870
11.825000  -0.620041  -0.627362
11.850000  -0.618789  -0.625861
11.875000  -0.617524  -0.624366
11.900000  -0.616247  -0.622877
11.925000  -0.614958  -0.621394
11.950000  -0.613657  -0.619918
11.975000  -0.612344  -0.618448
12.000000  -0.611019  -0.616984
12.025000  -0.609683  -0.615526
12.050000  -0.608338  -0.614075
12.075000  -0.606982  -0.612629
12.100000  -0.605617  -0.611189
12.125000  -0.604244  -0.609756
12.150000  -0.602864  -0.608328
12.175000  -0.601477  -0.606906
12.200000  -0.600085  -0.605491
12.225000  -0.598688  -0.604081
12.250000  -0.597287  -0.602676
12.275000  -0.595884  -0.601278
12.300000  -0.594479  -0.599885
12.325000  -0.593073  -0.598498
12.350000  -0.591668  -0.597117
12.375000  -0.590264  -0.595741
12.400000  -0.588862  -0.594371
12.425000  -0.587464  -0.593006
12.450000  -0.586070  -0.591647
12.475000  -0.584681  -0.590294
12.500000  -0.583298  -0.588946
12.525000  -0.581922  -0.587603
12.550000  -0.580554  -0.586266
12.575000  -0.579194  -0.584934
12.600000  -0.577842  -0.583608
12.625000  -0.576501  -0.582286
12.650000  -0.575170  -0.580970
12.675000  -0.573849  -0.579660
12.700000  -0.572539  -0.578354
12.725000  -0.571241  -0.577054
12.750000  -0.569955  -0.575758
12.775000  -0.568682  -0.574468
12.800000  -0.567420  -0.573183
12.825000  -0.566171  -0.571903
12.850000  -0.564935  -0.570628
12.875000  -0.563712  -0.569359
12.900000  -0.562501  -0.568094
12.925000  -0.561303  -0.566834
12.950000  -0.560118  -0.565578
12.975000  -0.558945  -0.564328
13.000000  -0.557785  -0.563083
13.025000  -0.556636  -0.561842
13.050000  -0.555499  -0.560606
13.075000  -0.554374  -0.559376
13.100000  -0.553260  -0.558149
13.125000  -0.552157  -0.556928
13.150000  -0.551063  -0.555711
13.175000  -0.549980  -0.554499
13.200000  -0.548907  -0.553291
13.225000  -0.547842  -0.552088
13.250000  -0.546786  -0.550890
13.275000  -0.545737  -0.549696
13.300000  -0.544696  -0.548507
13.325000  -0.543663  -0.547322
13.350000  -0.542635  -0.546142
13.375000  -0.541613  -0.544966
13.400000  -0.540597  -0.543795
13.425000  -0.539585  -0.542628
13.450000  -0.538578  -0.541465
13.475000  -0.537575  -0.540307
13.500000  -0.536575  -0.539153
13.525000  -0.535577  -0.538003
13.550000  -0.534582  -0.536858
13.575000  -0.533589  -0.535717
13.600000  -0.532597  -0.534580
13.625000  -0.531606  -0.533448
13.650000  -0.530616  -0.532319
13.675000  -0.529626  -0.531195
13.700000  -0.528636  -0.530075
13.725000  -0.527646  -0.528959
13.750000  -0.526655  -0.527847
13.775000  -0.525663  -0.526739
13.800000  -0.524670  -0.525636
13.825000  -0.523675  -0.524536
13.850000  -0.522679  -0.523440
13.875000  -0.521682  -0.522349
13.900000  -0.520683  -0.521261
13.925000  -0.519682  -0.520177
13.950000  -0.518679  -0.519097
13.975000  -0.517674  -0.518021
14.000000  -0.516667  -0.516949
14.025000  -0.515658  -0.515881
14.050000  -0.514648  -0.514817
14.075000  -0.513636  -0.513756
14.100000  -0.512622  -0.512700
14.125000  -0.511607  -0.511647
14.150000  -0.510590  -0.510598
14.175000  -0.509572  -0.509552
14.200000  -0.508553  -0.508510
14.225000  -0.507533  -0.507472
14.250000  -0.506512  -0.506438
14.275000  -0.505491  -0.505407
14.300000  -0.504470  -0.504380
14.325000  -0.503448  -0.503357
14.350000  -0.502427  -0.502337
14.375000  -0.501406  -0.501321
14.400000  -0.500385  -0.500308
14.425000  -0.499366  -0.499299
14.450000  -0.498347  -0.498294
14.475000  -0.497330  -0.497292
14.500000  -0.496315  -0.496293
14.525000  -0.495302  -0.495298
14.550000  -0.494290  -0.494307
14.575000  -0.493282  -0.493318
14.600000  -0.492276  -0.492334
14.625000  -0.491272  -0.491352
14.650000  -0.490272  -0.490374
14.675000  -0.489276  -0.489400
14.700000  -0.488282  -0.488429
14.725000  -0.487293  -0.487461
14.750000  -0.486308  -0.486496
14.775000  -0.485327  -0.485535
14.800000  -0.484351  -0.484577
14.825000  -0.483379  -0.483622
14.850000  -0.482413  -0.482671
14.875000  -0.481451  -0.481723
14.900000  -0.480494  -0.480778
14.925000  -0.479543  -0.479836
14.950000  -0.478597  -0.478897
14.975000  -0.477657  -0.477962
15.000000  -0.476722  -0.477030
15.025000  -0.475793  -0.476100
15.050000  -0.474870  -0.475174
15.075000  -0.473953  -0.474252
15.100000  -0.473042  -0.473332
15.125000  -0.472137  -0.472415
15.150000  -0.471238  -0.471501
15.175000  -0.470345  -0.470591
15.200000  -0.469457  -0.469683
15.225000  -0.468576  -0.468779
15.250000  -0.467701  -0.467877
15.275000  -0.466831  -0.466979
15.300000  -0.465967  -0.466083
15.325000  -0.465109  -0.465190
15.350000  -0.464257  -0.464301
15.375000  -0.463410  -0.463414
15.400000  -0.462568  -0.462530
15.425000  -0.461732  -0.461649
15.450000  -0.460901  -0.460771
15.475000  -0.460074  -0.459896
15.500000  -0.459253  -0.459024
15.525000  -0.458436  -0.458154
15.550000  -0.457623  -0.457288
15.575000  -0.456815  -0.456424
15.600000  -0.456011  -0.455563
15.625000  -0.455210  -0.454705
15.650000  -0.454414  -0.453849
15.675000  -0.453621  -0.452997
15.700000  -0.452831  -0.452147
15.725000  -0.452044  -0.451299
15.750000  -0.451260  -0.450455
15.775000  -0.450479  -0.449613
15.800000  -0.449701  -0.448774
15.825000  -0.448925  -0.447938
15.850000  -0.448151  -0.447104
15.875000  -0.447379  -0.446273
15.900000  -0.446608  -0.445445
15.925000  -0.445840  -0.444619
15.950000  -0.445073  -0.443796
15.975000  -0.444307  -0.442976
16.000000  -0.443542  -0.442158
16.025000  -0.442779  -0.441342
16.050000  -0.442016  -0.440530
16.075000  -0.441254  -0.439719
16.100000  -0.440493  -0.438912
16.125000  -0.439732  -0.438107
16.150000  -0.438972  -0.437304
16.175000  -0.438212  -0.436504
16.200000  -0.437452  -0.435707
16.225000  -0.436693  -0.434912
16.250000  -0.435934  -0.434119
16.275000  -0.435174  -0.433329
16.300000  -0.434415  -0.432541
16.325000  -0.433657  -0.431756
16.350000  -0.432898  -0.430973
16.375000  -0.432139  -0.430193
16.400000  -0.431380  -0.429415
16.425000  -0.430621  -0.428640
16.450000  -0.429863  -0.427867
16.475000  -0.429104  -0.427096
16.500000  -0.428346  -0.426328
16.525000  -0.427588  -0.425562
16.550000  -0.426830  -0.424798
16.575000  -0.426073  -0.424037
16.600000  -0.425316  -0.423278
16.625000  -0.424559  -0.422521
16.650000  -0.423803  -0.421767
16.675000  -0.423047  -0.421015
16.700000  -0.422293  -0.420265
16.725000  -0.421539  -0.419517
16.750000  -0.420786  -0.418772
16.775000  -0.420033  -0.418029
16.800000  -0.419282  -0.417288
16.825000  -0.418533  -0.416550
16.850000  -0.417784  -0.415814
16.875000  -0.417037  -0.415079
16.900000  -0.416292  -0.414348
16.925000  -0.415548  -0.413618
16.950000  -0.414806  -0.412890
16.975000  -0.414065  -0.412165
17.000000  -0.413327  -0.411442
17.025000  -0.412590  -0.410721
17.050000  -0.411856  -0.410002
17.075000  -0.411124  -0.409286
17.100000  -0.410394  -0.408571
17.125000  -0.409666  -0.407859
17.150000  -0.408941  -0.407148
17.175000  -0.408218  -0.406440
17.200000  -0.407498  -0.405734
17.225000  -0.406781  -0.405030
17.250000  -0.406066  -0.404328
17.275000  -0.405355  -0.403628
17.300000  -0.404646  -0.402930
17.325000  -0.403939  -0.402234
17.350000  -0.403236  -0.401540
17.375000  -0.402536  -0.400849
17.400000  -0.401838  -0.400159
17.425000  -0.401144  -0.399471
17.450000  -0.400453  -0.398786
17.475000  -0.399764  -0.398102
17.500000  -0.399079  -0.397420
17.525000  -0.398397  -0.396740
17.550000  -0.397718  -0.396063
17.575000  -0.397042  -0.395387
17.600000  -0.396368  -0.394713
17.625000  -0.395698  -0.394041
17.650000  -0.395031  -0.393371
17.675000  -0.394367  -0.392703
17.700000  -0.393706  -0.392037
17.725000  -0.393047  -0.391372
17.750000  -0.392392  -0.390710
17.775000  -0.391739  -0.390050
17.800000  -0.391089  -0.389391
17.825000  -0.390442  -0.388734
17.850000  -0.389798  -0.388080
17.875000  -0.389156  -0.387427
17.900000  -0.388517  -0.386776
17.925000  -0.387880  -0.386126
17.950000  -0.387246  -0.385479
17.975000  -0.386614  -0.384833
18.000000  -0.385984  -0.384190
18.025000  -0.385357  -0.383548
18.050000  -0.384732  -0.382908
18.075000  -0.384109  -0.382269
18.100000  -0.383488  -0.381633
18.125000  -0.382869  -0.380998
18.150000  -0.382252  -0.380365
18.175000  -0.381637  -0.379734
18.200000  -0.381024  -0.379104
18.225000  -0.380413  -0.378477
18.250000  -0.379803  -0.377851
18.275000  -0.379195  -0.377227
18.300000  -0.378588  -0.376604
18.325000  -0.377983  -0.375983
18.350000  -0.377380  -0.375364
18.375000  -0.376778  -0.374747
18.400000  -0.376177  -0.374132
18.425000  -0.375578  -0.373518
18.450000  -0.374980  -0.372906
18.475000  -0.374383  -0.372295
18.500000  -0.373787  -0.371686
18.525000  -0.373192  -0.371079
18.550000  -0.372599  -0.370474
18.575000  -0.372007  -0.369870
18.600000  -0.371415  -0.369268
18.625000  -0.370825  -0.368667
18.650000  -0.370235  -0.368068
18.675000  -0.369647  -0.367471
18.700000  -0.369060  -0.366876
18.725000  -0.368473  -0.366282
18.750000  -0.367887  -0.365689
18.775000  -0.367303  -0.365098
18.800000  -0.366719  -0.364509
18.825000  -0.366136  -0.363922
18.850000  -0.365554  -0.363336
18.875000  -0.364972  -0.362751
18.900000  -0.364392  -0.362169
18.925000  -0.363813  -0.361587
18.950000  -0.363234  -0.361008
18.975000  -0.362656  -0.360429
19.000000  -0.362079  -0.359853
19.025000  -0.361504  -0.359278
19.050000  -0.360929  -0.358704
19.075000  -0.360355  -0.358132
19.100000  -0.359782  -0.357562
19.125000  -0.359210  -0.356993
19.150000  -0.358639  -0.356426
19.175000  -0.358069  -0.355860
19.200000  -0.357500  -0.355295
19.225000  -0.356932  -0.354732
19.250000  -0.356365  -0.354171
19.275000  -0.355799  -0.353611
19.300000  -0.355235  -0.353053
19.325000  -0.354671  -0.352496
19.350000  -0.354109  -0.351940
19.375000  -0.353548  -0.351386
19.400000  -0.352989  -0.350833
19.425000  -0.352430  -0.350282
19.450000  -0.351873  -0.349733
19.475000  -0.351317  -0.349184
19.500000  -0.350763  -0.348638
19.525000  -0.350210  -0.348092
19.550000  -0.349658  -0.347548
19.575000  -0.349108  -0.347006
19.600000  -0.348559  -0.346465
19.625000  -0.348011  -0.345925
19.650000  -0.347465  -0.345386
19.675000  -0.346921  -0.344850
19.700000  -0.346378  -0.344314
19.725000  -0.345837  -0.343780
19.750000  -0.345297  -0.343247
19.775000  -0.344758  -0.342716
19.800000  -0.344222  -0.342186
19.825000  -0.343686  -0.341657
19.850000  -0.343153  -0.341130
19.875000  -0.342621  -0.340604
19.900000  -0.342090  -0.340079
19.925000  -0.341561  -0.339556
19.950000  -0.341034  -0.339034
19.975000  -0.340508  -0.338513
20.000000  -0.339984  -0.337994
20.025000  -0.339462  -0.337476
20.050000  -0.338941  -0.336960
20.075000  -0.338421  -0.336444
20.100000  -0.337904  -0.335930
20.125000  -0.337388  -0.335418
20.150000  -0.336873  -0.334906
20.175000  -0.336360  -0.334396
20.200000  -0.335848  -0.333887
20.225000  -0.335338  -0.333380
20.250000  -0.334830  -0.332873
20.275000  -0.334323  -0.332368
20.300000  -0.333818  -0.331865
20.325000  -0.333314  -0.331362
20.350000  -0.332811  -0.330861
20.375000  -0.332310  -0.330361
20.400000  -0.331810  -0.329863
20.425000  -0.331312  -0.329365
20.450000  -0.330815  -0.328869
20.475000  -0.330320  -0.328374
20.500000  -0.329826  -0.327880
20.525000  -0.329333  -0.327388
20.550000  -0.328842  -0.326897
20.575000  -0.328352  -0.326407
20.600000  -0.327863  -0.325918
20.625000  -0.327376  -0.325430
20.650000  -0.326889  -0.324944
20.675000  -0.326404  -0.324459
20.700000  -0.325921  -0.323975
20.725000  -0.325438  -0.323492
20.750000  -0.324957  -0.323010
20.775000  -0.324476  -0.322530
20.800000  -0.323997  -0.322051
20.825000  -0.323519  -0.321573
20.850000  -0.323043  -0.321096
20.875000  -0.322567  -0.320620
20.900000  -0.322092  -0.320145
20.925000  -0.321619  -0.319672
20.950000  -0.321146  -0.319200
20.975000  -0.320675  -0.318729
21.000000  -0.320204  -0.318259
21.025000  -0.319735  -0.317790
21.050000  -0.319267  -0.317322
21.075000  -0.318799  -0.316856
21.100000  -0.318333  -0.316390
21.125000  -0.317867  -0.315926
21.150000  -0.317403  -0.315463
21.175000  -0.316940  -0.315001
21.200000  -0.316477  -0.314540
21.225000  -0.316016  -0.314080
21.250000  -0.315555  -0.313621
21.275000  -0.315095  -0.313164
21.300000  -0.314637  -0.312707
21.325000  -0.314179  -0.312252
21.350000  -0.313722  -0.311798
21.375000  -0.313266  -0.311344
21.400000  -0.312811  -0.310892
21.425000  -0.312357  -0.310441
21.450000  -0.311904  -0.309991
21.475000  -0.311452  -0.309542
21.500000  -0.311000  -0.309095
21.525000  -0.310550  -0.308648
21.550000  -0.310100  -0.308202
21.575000  -0.309652  -0.307757
21.600000  -0.309204  -0.307314
21.625000  -0.308758  -0.306871
21.650000  -0.308312  -0.306430
21.675000  -0.307867  -0.305989
21.700000  -0.307423  -0.305550
21.725000  -0.306980  -0.305112
21.750000  -0.306538  -0.304674
21.775000  -0.306097  -0.304238
21.800000  -0.305657  -0.303803
21.825000  -0.305218  -0.303368
21.850000  -0.304779  -0.302935
21.875000  -0.304342  -0.302503
21.900000  -0.303906  -0.302072
21.925000  -0.303470  -0.301641
21.950000  -0.303036  -0.301212
21.975000  -0.302602  -0.300784
22.000000  -0.302170  -0.300357
22.025000  -0.301738  -0.299931
22.050000  -0.301308  -0.299505
22.075000  -0.300878  -0.299081
22.100000  -0.300449  -0.298658
22.125000  -0.300022  -0.298235
22.150000  -0.299595  -0.297814
22.175000  -0.299169  -0.297394
22.200000  -0.298744  -0.296975
22.225000  -0.298320  -0.296556
22.250000  -0.297898  -0.296139
22.275000  -0.297476  -0.295722
22.300000  -0.297055  -0.295307
22.325000  -0.296635  -0.294892
22.350000  -0.296216  -0.294479
22.375000  -0.295798  -0.294066
22.400000  -0.295381  -0.293654
22.425000  -0.294965  -0.293243
22.450000  -0.294550  -0.292834
22.475000  -0.294136  -0.292425
22.500000  -0.293723  -0.292017
22.525000  -0.293311  -0.291610
22.550000  -0.292900  -0.291204
22.575000  -0.292490  -0.290798
22.600000  -0.292081  -0.290394
22.625000  -0.291673  -0.289991
22.650000  -0.291266  -0.289588
22.675000  -0.290859  -0.289187
22.700000  -0.290454  -0.288786
22.725000  -0.290050  -0.288387
22.750000  -0.289646  -0.287988
22.775000  -0.289244  -0.287590
22.800000  -0.288842  -0.287193
22.825000  -0.288442  -0.286797
22.850000  -0.288042  -0.286401
22.875000  -0.287643  -0.286007
22.900000  -0.287245  -0.285614
22.925000  -0.286848  -0.285221
22.950000  -0.286452  -0.284829
22.975000  -0.286057  -0.284439
23.000000  -0.285663  -0.284049
23.025000  -0.285270  -0.283660
23.050000  -0.284877  -0.283271
23.075000  -0.284486  -0.282884
23.100000  -0.284095  -0.282498
23.125000  -0.283705  -0.282112
23.150000  -0.283316  -0.281727
23.175000  -0.282928  -0.281343
23.200000  -0.282541  -0.280960
23.225000  -0.282154  -0.280578
23.250000  -0.281769  -0.280197
23.275000  -0.281384  -0.279816
23.300000  -0.281000  -0.279436
23.325000  -0.280617  -0.279057
23.350000  -0.280235  -0.278679
23.375000  -0.279854  -0.278302
23.400000  -0.279473  -0.277926
23.425000  -0.279094  -0.277550
23.450000  -0.278715  -0.277176
23.475000  -0.278337  -0.276802
23.500000  -0.277959  -0.276429
23.525000  -0.277583  -0.276056
23.550000  -0.277207  -0.275685
23.575000  -0.276832  -0.275314
23.600000  -0.276458  -0.274944
23.625000  -0.276085  -0.274575
23.650000  -0.275712  -0.274207
23.675000  -0.275341  -0.273840
23.700000  -0.274970  -0.273473
23.725000  -0.274600  -0.273107
23.750000  -0.274230  -0.272742
23.775000  -0.273862  -0.272378
23.800000  -0.273494  -0.272014
23.825000  -0.273127  -0.271652
23.850000  -0.272760  -0.271290
23.875000  -0.272395  -0.270929
23.900000  -0.272030  -0.270568
23.925000  -0.271666  -0.270209
23.950000  -0.271302  -0.269850
23.975000  -0.270940  -0.269492
24.000000  -0.270578  -0.269135
24.025000  -0.270217  -0.268778
24.050000  -0.269856  -0.268423
24.075000  -0.269497  -0.268068
24.100000  -0.269138  -0.267713
24.125000  -0.268780  -0.267360
24.150000  -0.268422  -0.267007
24.175000  -0.268066  -0.266655
24.200000  -0.267710  -0.266304
24.225000  -0.267355  -0.265954
24.250000  -0.267000  -0.265604
24.275000  -0.266646  -0.265255
24.300000  -0.266293  -0.264907
24.325000  -0.265941  -0.264559
24.350000  -0.265590  -0.264212
24.375000  -0.265239  -0.263866
24.400000  -0.264889  -0.263521
24.425000  -0.264539  -0.263177
24.450000  -0.264191  -0.262833
24.475000  -0.263843  -0.262490
24.500000  -0.263495  -0.262147
24.525000  -0.263149  -0.261806
24.550000  -0.262803  -0.261465
24.575000  -0.262458  -0.261124
24.600000  -0.262113  -0.260785
24.625000  -0.261770  -0.260446
24.650000  -0.261427  -0.260108
24.675000  -0.261084  -0.259770
24.700000  -0.260743  -0.259434
24.725000  -0.260402  -0.259098
24.750000  -0.260062  -0.258762
24.775000  -0.259722  -0.258428
24.800000  -0.259384  -0.258094
24.825000  -0.259045  -0.257761
24.850000  -0.258708  -0.257428
24.875000  -0.258371  -0.257096
24.900000  -0.258035  -0.256765
24.925000  -0.257700  -0.256435
24.950000  -0.257365  -0.256105
24.975000  -0.257031  -0.255776
25.000000  -0.256698  -0.255447
25.025000  -0.256365  -0.255120
25.050000  -0.256033  -0.254793
25.075000  -0.255702  -0.254466
25.100000  -0.255371  -0.254140
25.125000  -0.255042  -0.253815
25.150000  -0.254712  -0.253491
25.175000  -0.254384  -0.253167
25.200000  -0.254056  -0.252844
25.225000  -0.253729  -0.252522
25.250000  -0.253402  -0.252200
25.275000  -0.253076  -0.251879
25.300000  -0.252751  -0.251559
25.325000  -0.252426  -0.251239
25.350000  -0.252102  -0.250920
25.375000  -0.251779  -0.250601
25.400000  -0.251456  -0.250283
25.425000  -0.251134  -0.249966
25.450000  -0.250813  -0.249650
25.475000  -0.250492  -0.249334
25.500000  -0.250172  -0.249018
25.525000  -0.249853  -0.248704
25.550000  -0.249534  -0.248390
25.575000  -0.249216  -0.248077
25.600000  -0.248898  -0.247764
25.625000  -0.248581  -0.247452
25.650000  -0.248265  -0.247140
25.675000  -0.247949  -0.246829
25.700000  -0.247634  -0.246519
25.725000  -0.247320  -0.246210
25.750000  -0.247006  -0.245901
25.775000  -0.246693  -0.245592
25.800000  -0.246381  -0.245285
25.825000  -0.246069  -0.244977
25.850000  -0.245758  -0.244671
25.875000  -0.245447  -0.244365
25.900000  -0.245137  -0.244060
25.925000  -0.244828  -0.243755
25.950000  -0.244519  -0.243451
25.975000  -0.244211  -0.243148
26.000000  -0.243903  -0.242845
26.025000  -0.243596  -0.242542
26.050000  -0.243290  -0.242241
26.075000  -0.242984  -0.241940
26.100000  -0.242679  -0.241639
26.125000  -0.242374  -0.241339
26.150000  -0.242070  -0.241040
26.175000  -0.241767  -0.240741
26.200000  -0.241464  -0.240443
26.225000  -0.241162  -0.240146
26.250000  -0.240860  -0.239849
26.275000  -0.240559  -0.239553
26.300000  -0.240259  -0.239257
26.325000  -0.239959  -0.238962
26.350000  -0.239660  -0.238667
26.375000  -0.239361  -0.238373
26.400000  -0.239063  -0.238080
26.425000  -0.238766  -0.237787
26.450000  -0.238469  -0.237495
26.475000  -0.238172  -0.237203
26.500000  -0.237877  -0.236912
26.525000  -0.237581  -0.236621
26.550000  -0.237287  -0.236331
26.575000  -0.236993  -0.236042
26.600000  -0.236699  -0.235753
26.625000  -0.236406  -0.235464
26.650000  -0.236114  -0.235177
26.675000  -0.235822  -0.234889
26.700000  -0.235531  -0.234603
26.725000  -0.235240  -0.234317
26.750000  -0.234950  -0.234031
26.775000  -0.234660  -0.233746
26.800000  -0.234371  -0.233462
26.825000  -0.234083  -0.233178
26.850000  -0.233795  -0.232894
26.875000  -0.233508  -0.232612
26.900000  -0.233221  -0.232329
26.925000  -0.232935  -0.232048
26.950000  -0.232649  -0.231767
26.975000  -0.232364  -0.231486
27.000000  -0.232079  -0.231206
27.025000  -0.231795  -0.230926
27.050000  -0.231512  -0.230647
27.075000  -0.231229  -0.230369
27.100000  -0.230946  -0.230091
27.125000  -0.230664  -0.229813
27.150000  -0.230383  -0.229537
27.175000  -0.230102  -0.229260
27.200000  -0.229821  -0.228984
27.225000  -0.229542  -0.228709
27.250000  -0.229262  -0.228434
27.275000  -0.228984  -0.228160
27.300000  -0.228705  -0.227886
27.325000  -0.228428  -0.227613
27.350000  -0.228150  -0.227340
27.375000  -0.227874  -0.227068
27.400000  -0.227598  -0.226796
27.425000  -0.227322  -0.226525
27.450000  -0.227047  -0.226255
27.475000  -0.226772  -0.225984
27.500000  -0.226498  -0.225715
27.525000  -0.226224  -0.225446
27.550000  -0.225951  -0.225177
27.575000  -0.225679  -0.224909
27.600000  -0.225407  -0.224641
27.625000  -0.225135  -0.224374
27.650000  -0.224864  -0.224108
27.675000  -0.224593  -0.223842
27.700000  -0.224323  -0.223576
27.725000  -0.224054  -0.223311
27.750000  -0.223785  -0.223046
27.775000  -0.223516  -0.222782
27.800000  -0.223248  -0.222518
27.825000  -0.222980  -0.222255
27.850000  -0.222713  -0.221993
27.875000  -0.222447  -0.221731
27.900000  -0.222181  -0.221469
27.925000  -0.221915  -0.221208
27.950000  -0.221650  -0.220947
27.975000  -0.221385  -0.220687
28.000000  -0.221121  -0.220427
28.025000  -0.220857  -0.220168
28.050000  -0.220594  -0.219909
28.075000  -0.220331  -0.219651
28.100000  -0.220069  -0.219393
28.125000  -0.219807  -0.219136
28.150000  -0.219546  -0.218879
28.175000  -0.219285  -0.218622
28.200000  -0.219025  -0.218366
28.225000  -0.218765  -0.218111
28.250000  -0.218506  -0.217856
28.275000  -0.218247  -0.217602
28.300000  -0.217989  -0.217348
28.325000  -0.217731  -0.217094
28.350000  -0.217473  -0.216841
28.375000  -0.217216  -0.216588
28.400000  -0.216960  -0.216336
28.425000  -0.216703  -0.216084
28.450000  -0.216448  -0.215833
28.475000  -0.216193  -0.215582
28.500000  -0.215938  -0.215332
28.525000  -0.215684  -0.215082
28.550000  -0.215430  -0.214833
28.575000  -0.215177  -0.214584
28.600000  -0.214924  -0.214335
28.625000  -0.214671  -0.214087
28.650000  -0.214419  -0.213839
28.675000  -0.214168  -0.213592
28.700000  -0.213917  -0.213345
28.725000  -0.213666  -0.213099
28.750000  -0.213416  -0.212853
28.775000  -0.213167  -0.212608
28.800000  -0.212917  -0.212363
28.825000  -0.212669  -0.212119
28.850000  -0.212420  -0.211874
28.875000  -0.212172  -0.211631
28.900000  -0.211925  -0.211388
28.925000  -0.211678  -0.211145
28.950000  -0.211431  -0.210903
28.975000  -0.211185  -0.210661
29.000000  -0.210940  -0.210419
29.025000  -0.210695  -0.210178
29.050000  -0.210450  -0.209938
29.075000  -0.210205  -0.209698
29.100000  -0.209961  -0.209458
29.125000  -0.209718  -0.209219
29.150000  -0.209475  -0.208980
29.175000  -0.209232  -0.208741
29.200000  -0.208990  -0.208503
29.225000  -0.208748  -0.208266
29.250000  -0.208507  -0.208028
29.275000  -0.208266  -0.207792
29.300000  -0.208026  -0.207555
29.325000  -0.207786  -0.207319
29.350000  -0.207546  -0.207084
29.375000  -0.207307  -0.206849
29.400000  -0.207068  -0.206614
29.425000  -0.206830  -0.206380
29.450000  -0.206592  -0.206146
29.475000  -0.206355  -0.205913
29.500000  -0.206118  -0.205680
29.525000  -0.205881  -0.205447
29.550000  -0.205645  -0.205215
29.575000  -0.205409  -0.204983
29.600000  -0.205173  -0.204752
29.625000  -0.204938  -0.204521
29.650000  -0.204704  -0.204290
29.675000  -0.204470  -0.204060
29.700000  -0.204236  -0.203831
29.725000  -0.204003  -0.203601
29.750000  -0.203770  -0.203372
29.775000  -0.203537  -0.203144
29.800000  -0.203305  -0.202916
29.825000  -0.203073  -0.202688
29.850000  -0.202842  -0.202461
29.875000  -0.202611  -0.202234
29.900000  -0.202380  -0.202007
29.925000  -0.202150  -0.201781
29.950000  -0.201921  -0.201555
29.975000  -0.201691  -0.201330
30.000000  -0.201462  -0.201105
30.025000  -0.201234  -0.200880
30.050000  -0.201006  -0.200656
30.075000  -0.200778  -0.200432
30.100000  -0.200550  -0.200209
30.125000  -0.200323  -0.199986
30.150000  -0.200097  -0.199763
30.175000  -0.199871  -0.199541
30.200000  -0.199645  -0.199319
30.225000  -0.199419  -0.199098
30.250000  -0.199194  -0.198877
30.275000  -0.198970  -0.198656
30.300000  -0.198746  -0.198436
30.325000  -0.198522  -0.198216
30.350000  -0.198298  -0.197996
30.375000  -0.198075  -0.197777
30.400000  -0.197852  -0.197558
30.425000  -0.197630  -0.197340
30.450000  -0.197408  -0.197121
30.475000  -0.197186  -0.196904
30.500000  -0.196965  -0.196686
30.525000  -0.196744  -0.196469
30.550000  -0.196524  -0.196253
30.575000  -0.196304  -0.196037
30.600000  -0.196084  -0.195821
30.625000  -0.195865  -0.195605
30.650000  -0.195646  -0.195390
30.675000  -0.195427  -0.195175
30.700000  -0.195209  -0.194961
30.725000  -0.194991  -0.194747
30.750000  -0.194774  -0.194533
30.775000  -0.194556  -0.194320
30.800000  -0.194340  -0.194107
30.825000  -0.194123  -0.193895
30.850000  -0.193907  -0.193682
30.875000  -0.193692  -0.193471
30.900000  -0.193476  -0.193259
30.925000  -0.193261  -0.193048
30.950000  -0.193047  -0.192837
30.975000  -0.192833  -0.192627
31.000000  -0.192619  -0.192417
31.025000  -0.192405  -0.192207
31.050000  -0.192192  -0.191998
31.075000  -0.191979  -0.191789
31.100000  -0.191767  -0.191580
31.125000  -0.191555  -0.191372
31.150000  -0.191343  -0.191164
31.175000  -0.191132  -0.190956
31.200000  -0.190921  -0.190749
31.225000  -0.190710  -0.190542
31.250000  -0.190500  -0.190335
31.275000  -0.190290  -0.190129
31.300000  -0.190080  -0.189923
31.325000  -0.189871  -0.189718
31.350000  -0.189662  -0.189513
31.375000  -0.189454  -0.189308
31.400000  -0.189246  -0.189103
31.425000  -0.189038  -0.188899
31.450000  -0.188830  -0.188695
31.475000  -0.188623  -0.188492
31.500000  -0.188416  -0.188289
31.525000  -0.188210  -0.188086
31.550000  -0.188004  -0.187883
31.575000  -0.187798  -0.187681
31.600000  -0.187592  -0.187479
31.625000  -0.187387  -0.187278
31.650000  -0.187183  -0.187077
31.675000  -0.186978  -0.186876
31.700000  -0.186774  -0.186676
31.725000  -0.186570  -0.186475
31.750000  -0.186367  -0.186276
31.775000  -0.186164  -0.186076
31.800000  -0.185961  -0.185877
31.825000  -0.185759  -0.185678
31.850000  -0.185557  -0.185480
31.875000  -0.185355  -0.185282
31.900000  -0.185154  -0.185084
31.925000  -0.184952  -0.184886
31.950000  -0.184752  -0.184689
31.975000  -0.184551  -0.184492
32.000000  -0.184351  -0.184296
32.025000  -0.184151  -0.184099
32.050000  -0.183952  -0.183903
32.075000  -0.183753  -0.183708
32.100000  -0.183554  -0.183513
32.125000  -0.183356  -0.183318
32.150000  -0.183158  -0.183123
32.175000  -0.182960  -0.182929
32.200000  -0.182762  -0.182735
32.225000  -0.182565  -0.182541
32.250000  -0.182368  -0.182348
32.275000  -0.182172  -0.182155
32.300000  -0.181975  -0.181962
32.325000  -0.181780  -0.181770
32.350000  -0.181584  -0.181577
32.375000  -0.181389  -0.181386
32.400000  -0.181194  -0.181194
32.425000  -0.180999  -0.181003
32.450000  -0.180805  -0.180812
32.475000  -0.180611  -0.180622
32.500000  -0.180417  -0.180431
32.525000  -0.180224  -0.180241
32.550000  -0.180031  -0.180052
32.575000  -0.179838  -0.179862
32.600000  -0.179646  -0.179673
32.625000  -0.179454  -0.179485
32.650000  -0.179262  -0.179296
32.675000  -0.179070  -0.179108
32.700000  -0.178879  -0.178920
32.725000  -0.178688  -0.178733
32.750000  -0.178497  -0.178546
32.775000  -0.178307  -0.178359
32.800000  -0.178117  -0.178172
32.825000  -0.177928  -0.177986
32.850000  -0.177738  -0.177800
32.875000  -0.177549  -0.177614
32.900000  -0.177360  -0.177429
32.925000  -0.177172  -0.177243
32.950000  -0.176984  -0.177059
32.975000  -0.176796  -0.176874
33.000000  -0.176608  -0.176690
33.025000  -0.176421  -0.176506
33.050000  -0.176234  -0.176322
33.075000  -0.176047  -0.176139
33.100000  -0.175861  -0.175956
33.125000  -0.175675  -0.175773
33.150000  -0.175489  -0.175591
33.175000  -0.175304  -0.175408
33.200000  -0.175118  -0.175226
33.225000  -0.174933  -0.175045
33.250000  -0.174749  -0.174863
33.275000  -0.174564  -0.174682
33.300000  -0.174380  -0.174502
33.325000  -0.174197  -0.174321
33.350000  -0.174013  -0.174141
33.375000  -0.173830  -0.173961
33.400000  -0.173647  -0.173781
33.425000  -0.173465  -0.173602
33.450000  -0.173282  -0.173423
33.475000  -0.173100  -0.173244
33.500000  -0.172919  -0.173066
33.525000  -0.172737  -0.172887
33.550000  -0.172556  -0.172710
33.575000  -0.172375  -0.172532
33.600000  -0.172194  -0.172354
33.625000  -0.172014  -0.172177
33.650000  -0.171834  -0.172001
33.675000  -0.171654  -0.171824
33.700000  -0.171475  -0.171648
33.725000  -0.171296  -0.171472
33.750000  -0.171117  -0.171296
33.775000  -0.170938  -0.171120
33.800000  -0.170760  -0.170945
33.825000  -0.170582  -0.170770
33.850000  -0.170404  -0.170596
33.875000  -0.170226  -0.170421
33.900000  -0.170049  -0.170247
33.925000  -0.169872  -0.170073
33.950000  -0.169696  -0.169900
33.975000  -0.169519  -0.169727
34.000000  -0.169343  -0.169554
34.025000  -0.169167  -0.169381
34.050000  -0.168992  -0.169208
34.075000  -0.168816  -0.169036
34.100000  -0.168641  -0.168864
34.125000  -0.168466  -0.168693
34.150000  -0.168292  -0.168521
34.175000  -0.168118  -0.168350
34.200000  -0.167944  -0.168179
34.225000  -0.167770  -0.168008
34.250000  -0.167597  -0.167838
34.275000  -0.167423  -0.167668
34.300000  -0.167250  -0.167498
34.325000  -0.167078  -0.167329
34.350000  -0.166905  -0.167159
34.375000  -0.166733  -0.166990
34.400000  -0.166562  -0.166821
34.425000  -0.166390  -0.166653
34.450000  -0.166219  -0.166485
34.475000  -0.166048  -0.166317
34.500000  -0.165877  -0.166149
34.525000  -0.165706  -0.165981
34.550000  -0.165536  -0.165814
34.575000  -0.165366  -0.165647
34.600000  -0.165196  -0.165480
34.625000  -0.165027  -0.165314
34.650000  -0.164858  -0.165148
34.675000  -0.164689  -0.164982
34.700000  -0.164520  -0.164816
34.725000  -0.164351  -0.164650
34.750000  -0.164183  -0.164485
34.775000  -0.164015  -0.164320
34.800000  -0.163848  -0.164155
34.825000  -0.163680  -0.163991
34.850000  -0.163513  -0.163827
34.875000  -0.163346  -0.163663
34.900000  -0.163179  -0.163499
34.925000  -0.163013  -0.163335
34.950000  -0.162847  -0.163172
34.975000  -0.162681  -0.163009
35.000000  -0.162515  -0.162846
35.025000  -0.162350  -0.162684
35.050000  -0.162185  -0.162522
35.075000  -0.162020  -0.162360
35.100000  -0.161855  -0.162198
35.125000  -0.161691  -0.162036
35.150000  -0.161527  -0.161875
35.175000  -0.161363  -0.161714
35.200000  -0.161199  -0.161553
35.225000  -0.161036  -0.161393
35.250000  -0.160872  -0.161232
35.275000  -0.160709  -0.161072
35.300000  -0.160547  -0.160913
35.325000  -0.160384  -0.160753
35.350000  -0.160222  -0.160594
35.375000  -0.160060  -0.160434
35.400000  -0.159898  -0.160276
35.425000  -0.159737  -0.160117
35.450000  -0.159576  -0.159959
35.475000  -0.159415  -0.159800
35.500000  -0.159254  -0.159642
35.525000  -0.159093  -0.159485
35.550000  -0.158933  -0.159327
35.575000  -0.158773  -0.159170
35.600000  -0.158613  -0.159013
35.625000  -0.158454  -0.158856
35.650000  -0.158294  -0.158700
35.675000  -0.158135  -0.158543
35.700000  -0.157977  -0.158387
35.725000  -0.157818  -0.158232
35.750000  -0.157660  -0.158076
35.775000  -0.157501  -0.157921
35.800000  -0.157344  -0.157765
35.825000  -0.157186  -0.157611
35.850000  -0.157028  -0.157456
35.875000  -0.156871  -0.157301
35.900000  -0.156714  -0.157147
35.925000  -0.156557  -0.156993
35.950000  -0.156401  -0.156839
35.975000  -0.156245  -0.156686
36.000000  -0.156089  -0.156532
36.025000  -0.155933  -0.156379
36.050000  -0.155777  -0.156227
36.075000  -0.155622  -0.156074
36.100000  -0.155467  -0.155921
36.125000  -0.155312  -0.155769
36.150000  -0.155157  -0.155617
36.175000  -0.155003  -0.155465
36.200000  -0.154848  -0.155314
36.225000  -0.154694  -0.155163
36.250000  -0.154541  -0.155012
36.275000  -0.154387  -0.154861
36.300000  -0.154234  -0.154710
36.325000  -0.154081  -0.154560
36.350000  -0.153928  -0.154409
36.375000  -0.153775  -0.154259
36.400000  -0.153623  -0.154110
36.425000  -0.153471  -0.153960
36.450000  -0.153319  -0.153811
36.475000  -0.153167  -0.153662
36.500000  -0.153015  -0.153513
36.525000  -0.152864  -0.153364
36.550000  -0.152713  -0.153216
36.575000  -0.152562  -0.153067
36.600000  -0.152411  -0.152919
36.625000  -0.152261  -0.152771
36.650000  -0.152111  -0.152624
36.675000  -0.151961  -0.152476
36.700000  -0.151811  -0.152329
36.725000  -0.151661  -0.152182
36.750000  -0.151512  -0.152035
36.775000  -0.151363  -0.151889
36.800000  -0.151214  -0.151743
36.825000  -0.151065  -0.151596
36.850000  -0.150917  -0.151451
36.875000  -0.150769  -0.151305
36.900000  -0.150620  -0.151159
36.925000  -0.150473  -0.151014
36.950000  -0.150325  -0.150869
36.975000  -0.150178  -0.150724
37.000000  -0.150030  -0.150579
37.025000  -0.149883  -0.150435
37.050000  -0.149737  -0.150291
37.075000  -0.149590  -0.150147
37.100000  -0.149444  -0.150003
37.125000  -0.149298  -0.149859
37.150000  -0.149152  -0.149716
37.175000  -0.149006  -0.149573
37.200000  -0.148860  -0.149430
37.225000  -0.148715  -0.149287
37.250000  -0.148570  -0.149144
37.275000  -0.148425  -0.149002
37.300000  -0.148280  -0.148860
37.325000  -0.148136  -0.148718
37.350000  -0.147992  -0.148576
37.375000  -0.147848  -0.148434
37.400000  -0.147704  -0.148293
37.425000  -0.147560  -0.148152
37.450000  -0.147417  -0.148011
37.475000  -0.147273  -0.147870
37.500000  -0.147130  -0.147729
37.525000  -0.146987  -0.147589
37.550000  -0.146845  -0.147449
37.575000  -0.146702  -0.147309
37.600000  -0.146560  -0.147169
37.625000  -0.146418  -0.147029
37.650000  -0.146276  -0.146890
37.675000  -0.146135  -0.146751
37.700000  -0.145993  -0.146612
37.725000  -0.145852  -0.146473
37.750000  -0.145711  -0.146334
37.775000  -0.145570  -0.146196
37.800000  -0.145429  -0.146058
37.825000  -0.145289  -0.145920
37.850000  -0.145149  -0.145782
37.875000  -0.145009  -0.145644
37.900000  -0.144869  -0.145507
37.925000  -0.144729  -0.145369
37.950000  -0.144590  -0.145232
37.975000  -0.144451  -0.145095
38.000000  -0.144312  -0.144959
38.025000  -0.144173  -0.144822
38.050000  -0.144034  -0.144686
38.075000  -0.143896  -0.144550
38.100000  -0.143757  -0.144414
38.125000  -0.143619  -0.144278
38.150000  -0.143481  -0.144143
38.175000  -0.143344  -0.144007
38.200000  -0.143206  -0.143872
38.225000  -0.143069  -0.143737
38.250000  -0.142932  -0.143602
38.275000  -0.142795  -0.143468
38.300000  -0.142658  -0.143333
38.325000  -0.142522  -0.143199
38.350000  -0.142385  -0.143065
38.375000  -0.142249  -0.142931
38.400000  -0.142113  -0.142798
38.425000  -0.141977  -0.142664
38.450000  -0.141842  -0.142531
38.475000  -0.141706  -0.142398
38.500000  -0.141571  -0.142265
38.525000  -0.141436  -0.142132
38.550000  -0.141301  -0.142000
38.575000  -0.141167  -0.141867
38.600000  -0.141032  -0.141735
38.625000  -0.140898  -0.141603
38.650000  -0.140764  -0.141471
38.675000  -0.140630  -0.141339
38.700000  -0.140496  -0.141208
38.725000  -0.140363  -0.141077
38.750000  -0.140229  -0.140946
38.775000  -0.140096  -0.140815
38.800000  -0.139963  -0.140684
38.825000  -0.139830  -0.140553
38.850000  -0.139698  -0.140423
38.875000  -0.139565  -0.140293
38.900000  -0.139433  -0.140163
38.925000  -0.139301  -0.140033
38.950000  -0.139169  -0.139903
38.975000  -0.139038  -0.139774
39.000000  -0.138906  -0.139645
39.025000  -0.138775  -0.139515
39.050000  -0.138644  -0.139386
39.075000  -0.138513  -0.139258
39.100000  -0.138382  -0.139129
39.125000  -0.138251  -0.139001
39.150000  -0.138121  -0.138872
39.175000  -0.137990  -0.138744
39.200000  -0.137860  -0.138616
39.225000  -0.137730  -0.138489
39.250000  -0.137601  -0.138361
39.275000  -0.137471  -0.138234
39.300000  -0.137342  -0.138106
39.325000  -0.137213  -0.137979
39.350000  -0.137084  -0.137853
39.375000  -0.136955  -0.137726
39.400000  -0.136826  -0.137599
39.425000  -0.136698  -0.137473
39.450000  -0.136569  -0.137347
39.475000  -0.136441  -0.137221
39.500000  -0.136313  -0.137095
39.525000  -0.136185  -0.136969
39.550000  -0.136058  -0.136844
39.575000  -0.135930  -0.136719
39.600000  -0.135803  -0.136593
39.625000  -0.135676  -0.136468
39.650000  -0.135549  -0.136344
39.675000  -0.135422  -0.136219
39.700000  -0.135296  -0.136094
39.725000  -0.135169  -0.135970
39.750000  -0.135043  -0.135846
39.775000  -0.134917  -0.135722
39.800000  -0.134791  -0.135598
39.825000  -0.134665  -0.135475
39.850000  -0.134540  -0.135351
39.875000  -0.134415  -0.135228
39.900000  -0.134289  -0.135105
39.925000  -0.134164  -0.134982
39.950000  -0.134039  -0.134859
39.975000  -0.133915  -0.134736
40.000000  -0.133790  -0.134614
40.025000  -0.133666  -0.134491
40.050000  -0.133542  -0.134369
40.075000  -0.133417  -0.134247
40.100000  -0.133294  -0.134125
40.125000  -0.133170  -0.134004
40.150000  -0.133046  -0.133882
40.175000  -0.132923  -0.133761
40.200000  -0.132800  -0.133640
40.225000  -0.132677  -0.133519
40.250000  -0.132554  -0.133398
40.275000  -0.132431  -0.133277
40.300000  -0.132309  -0.133156
40.325000  -0.132186  -0.133036
40.350000  -0.132064  -0.132916
40.375000  -0.131942  -0.132796
40.400000  -0.131820  -0.132676
40.425000  -0.131698  -0.132556
40.450000  -0.131577  -0.132436
40.475000  -0.131455  -0.132317
40.500000  -0.131334  -0.132198
40.525000  -0.131213  -0.132079
40.550000  -0.131092  -0.131960
40.575000  -0.130971  -0.131841
40.600000  -0.130851  -0.131722
40.625000  -0.130730  -0.131604
40.650000  -0.130610  -0.131485
40.675000  -0.130490  -0.131367
40.700000  -0.130370  -0.131249
40.725000  -0.130250  -0.131131
40.750000  -0.130130  -0.131014
40.775000  -0.130011  -0.130896
40.800000  -0.129892  -0.130779
40.825000  -0.129772  -0.130662
40.850000  -0.129653  -0.130544
40.875000  -0.129535  -0.130427
40.900000  -0.129416  -0.130311
40.925000  -0.129297  -0.130194
40.950000  -0.129179  -0.130078
40.975000  -0.129061  -0.129961
41.000000  -0.128943  -0.129845
41.025000  -0.128825  -0.129729
41.050000  -0.128707  -0.129613
41.075000  -0.128589  -0.129498
41.100000  -0.128472  -0.129382
41.125000  -0.128355  -0.129267
41.150000  -0.128237  -0.129151
41.175000  -0.128120  -0.129036
41.200000  -0.128004  -0.128921
41.225000  -0.127887  -0.128806
41.250000  -0.127770  -0.128692
41.275000  -0.127654  -0.128577
41.300000  -0.127538  -0.128463
41.325000  -0.127422  -0.128349
41.350000  -0.127306  -0.128235
41.375000  -0.127190  -0.128121
41.400000  -0.127074  -0.128007
41.425000  -0.126959  -0.127893
41.450000  -0.126844  -0.127780
41.475000  -0.126728  -0.127666
41.500000  -0.126613  -0.127553
41.525000  -0.126498  -0.127440
41.550000  -0.126384  -0.127327
41.575000  -0.126269  -0.127215
41.600000  -0.126155  -0.127102
41.625000  -0.126040  -0.126990
41.650000  -0.125926  -0.126877
41.675000  -0.125812  -0.126765
41.700000  -0.125699  -0.126653
41.725000  -0.125585  -0.126541
41.750000  -0.125471  -0.126429
41.775000  -0.125358  -0.126318
41.800000  -0.125245  -0.126206
41.825000  -0.125132  -0.126095
41.850000  -0.125019  -0.125984
41.875000  -0.124906  -0.125873
41.900000  -0.124793  -0.125762
41.925000  -0.124681  -0.125651
41.950000  -0.124568  -0.125541
41.975000  -0.124456  -0.125430
42.000000  -0.124344  -0.125320
42.025000  -0.124232  -0.125210
42.050000  -0.124120  -0.125100
42.075000  -0.124009  -0.124990
42.100000  -0.123897  -0.124880
42.125000  -0.123786  -0.124771
42.150000  -0.123675  -0.124661
42.175000  -0.123564  -0.124552
42.200000  -0.123453  -0.124443
42.225000  -0.123342  -0.124334
42.250000  -0.123231  -0.124225
42.275000  -0.123121  -0.124116
42.300000  -0.123010  -0.124007
42.325000  -0.122900  -0.123899
42.350000  -0.122790  -0.123791
42.375000  -0.122680  -0.123682
42.400000  -0.122570  -0.123574
42.425000  -0.122461  -0.123466
42.450000  -0.122351  -0.123359
42.475000  -0.122242  -0.123251
42.500000  -0.122133  -0.123143
42.525000  -0.122024  -0.123036
42.550000  -0.121915  -0.122929
42.575000  -0.121806  -0.122822
42.600000  -0.121697  -0.122715
42.625000  -0.121589  -0.122608
42.650000  -0.121480  -0.122501
42.675000  -0.121372  -0.122395
42.700000  -0.121264  -0.122288
42.725000  -0.121156  -0.122182
42.750000  -0.121048  -0.122076
42.775000  -0.120940  -0.121970
42.800000  -0.120833  -0.121864
42.825000  -0.120725  -0.121758
42.850000  -0.120618  -0.121652
42.875000  -0.120511  -0.121547
42.900000  -0.120404  -0.121441
42.925000  -0.120297  -0.121336
42.950000  -0.120190  -0.121231
42.975000  -0.120084  -0.121126
43.000000  -0.119977  -0.121021
43.025000  -0.119871  -0.120917
43.050000  -0.119765  -0.120812
43.075000  -0.119659  -0.120708
43.100000  -0.119553  -0.120603
43.125000  -0.119447  -0.120499
43.150000  -0.119341  -0.120395
43.175000  -0.119236  -0.120291
43.200000  -0.119130  -0.120187
43.225000  -0.119025  -0.120084
43.250000  -0.118920  -0.119980
43.275000  -0.118815  -0.119877
43.300000  -0.118710  -0.119773
43.325000  -0.118605  -0.119670
43.350000  -0.118500  -0.119567
43.375000  -0.118396  -0.119464
43.400000  -0.118292  -0.119362
43.425000  -0.118187  -0.119259
43.450000  -0.118083  -0.119157
43.475000  -0.117979  -0.119054
43.500000  -0.117876  -0.118952
43.525000  -0.117772  -0.118850
43.550000  -0.117668  -0.118748
43.575000  -0.117565  -0.118646
43.600000  -0.117461  -0.118544
43.625000  -0.117358  -0.118443
43.650000  -0.117255  -0.118341
43.675000  -0.117152  -0.118240
43.700000  -0.117050  -0.118138
43.725000  -0.116947  -0.118037
43.750000  -0.116844  -0.117936
43.775000  -0.116742  -0.117835
43.800000  -0.116640  -0.117735
43.825000  -0.116537  -0.117634
43.850000  -0.116435  -0.117534
43.875000  -0.116334  -0.117433
43.900000  -0.116232  -0.117333
43.925000  -0.116130  -0.117233
43.950000  -0.116029  -0.117133
43.975000  -0.115927  -0.117033
44.000000  -0.115826  -0.116933
44.025000  -0.115725  -0.116834
44.050000  -0.115624  -0.116734
44.075000  -0.115523  -0.116635
44.100000  -0.115422  -0.116536
44.125000  -0.115321  -0.116436
44.150000  -0.115221  -0.116337
44.175000  -0.115120  -0.116238
44.200000  -0.115020  -0.116140
44.225000  -0.114920  -0.116041
44.250000  -0.114820  -0.115943
44.275000  -0.114720  -0.115844
44.300000  -0.114620  -0.115746
44.325000  -0.114521  -0.115648
44.350000  -0.114421  -0.115550
44.375000  -0.114322  -0.115452
44.400000  -0.114222  -0.115354
44.425000  -0.114123  -0.115256
44.450000  -0.114024  -0.115159
44.475000  -0.113925  -0.115061
44.500000  -0.113827  -0.114964
44.525000  -0.113728  -0.114867
44.550000  -0.113629  -0.114769
44.575000  -0.113531  -0.114673
44.600000  -0.113433  -0.114576
44.625000  -0.113334  -0.114479
44.650000  -0.113236  -0.114382
44.675000  -0.113138  -0.114286
44.700000  -0.113040  -0.114189
44.725000  -0.112943  -0.114093
44.750000  -0.112845  -0.113997
44.775000  -0.112748  -0.113901
44.800000  -0.112650  -0.113805
44.825000  -0.112553  -0.113709
44.850000  -0.112456  -0.113613
44.875000  -0.112359  -0.113518
44.900000  -0.112262  -0.113422
44.925000  -0.112165  -0.113327
44.950000  -0.112069  -0.113232
44.975000  -0.111972  -0.113137
45.000000  -0.111876  -0.113042
45.025000  -0.111779  -0.112947
45.050000  -0.111683  -0.112852
45.075000  -0.111587  -0.112757
45.100000  -0.111491  -0.112663
45.125000  -0.111395  -0.112568
45.150000  -0.111300  -0.112474
45.175000  -0.111204  -0.112380
45.200000  -0.111109  -0.112286
45.225000  -0.111013  -0.112192
45.250000  -0.110918  -0.112098
45.275000  -0.110823  -0.112004
45.300000  -0.110728  -0.111911
45.325000  -0.110633  -0.111817
45.350000  -0.110538  -0.111724
45.375000  -0.110443  -0.111630
45.400000  -0.110349  -0.111537
45.425000  -0.110254  -0.111444
45.450000  -0.110160  -0.111351
45.475000  -0.110066  -0.111258
45.500000  -0.109972  -0.111166
45.525000  -0.109878  -0.111073
45.550000  -0.109784  -0.110980
45.575000  -0.109690  -0.110888
45.600000  -0.109597  -0.110796
45.625000  -0.109503  -0.110703
45.650000  -0.109410  -0.110611
45.675000  -0.109316  -0.110519
45.700000  -0.109223  -0.110428
45.725000  -0.109130  -0.110336
45.750000  -0.109037  -0.110244
45.775000  -0.108944  -0.110153
45.800000  -0.108851  -0.110061
45.825000  -0.108759  -0.109970
45.850000  -0.108666  -0.109879
45.875000  -0.108574  -0.109788
45.900000  -0.108481  -0.109697
45.925000  -0.108389  -0.109606
45.950000  -0.108297  -0.109515
45.975000  -0.108205  -0.109424
46.000000  -0.108113  -0.109334
46.025000  -0.108022  -0.109243
46.050000  -0.107930  -0.109153
46.075000  -0.107838  -0.109063
46.100000  -0.107747  -0.108973
46.125000  -0.107656  -0.108882
46.150000  -0.107564  -0.108793
46.175000  -0.107473  -0.108703
46.200000  -0.107382  -0.108613
46.225000  -0.107291  -0.108523
46.250000  -0.107201  -0.108434
46.275000  -0.107110  -0.108345
46.300000  -0.107019  -0.108255
46.325000  -0.106929  -0.108166
46.350000  -0.106839  -0.108077
46.375000  -0.106748  -0.107988
46.400000  -0.106658  -0.107899
46.425000  -0.106568  -0.107810
46.450000  -0.106478  -0.107722
46.475000  -0.106388  -0.107633
46.500000  -0.106299  -0.107545
46.525000  -0.106209  -0.107456
46.550000  -0.106120  -0.107368
46.575000  -0.106030  -0.107280
46.600000  -0.105941  -0.107192
46.625000  -0.105852  -0.107104
46.650000  -0.105763  -0.107016
46.675000  -0.105674  -0.106928
46.700000  -0.105585  -0.106841
46.725000  -0.105496  -0.106753
46.750000  -0.105407  -0.106666
46.775000  -0.105319  -0.106579
46.800000  -0.105231  -0.106491
46.825000  -0.105142  -0.106404
46.850000  -0.105054  -0.106317
46.875000  -0.104966  -0.106230
46.900000  -0.104878  -0.106144
46.925000  -0.104790  -0.106057
46.950000  -0.104702  -0.105970
46.975000  -0.104614  -0.105884
47.000000  -0.104527  -0.105797
47.025000  -0.104439  -0.105711
47.050000  -0.104352  -0.105625
47.075000  -0.104264  -0.105539
47.100000  -0.104177  -0.105453
47.125000  -0.104090  -0.105367
47.150000  -0.104003  -0.105281
47.175000  -0.103916  -0.105195
47.200000  -0.103829  -0.105110
47.225000  -0.103743  -0.105024
47.250000  -0.103656  -0.104939
47.275000  -0.103570  -0.104853
47.300000  -0.103483  -0.104768
47.325000  -0.103397  -0.104683
47.350000  -0.103311  -0.104598
47.375000  -0.103225  -0.104513
47.400000  -0.103139  -0.104428
47.425000  -0.103053  -0.104344
47.450000  -0.102967  -0.104259
47.475000  -0.102881  -0.104174
47.500000  -0.102796  -0.104090
47.525000  -0.102710  -0.104006
47.550000  -0.102625  -0.103921
47.575000  -0.102540  -0.103837
47.600000  -0.102454  -0.103753
47.625000  -0.102369  -0.103669
47.650000  -0.102284  -0.103585
47.675000  -0.102199  -0.103502
47.700000  -0.102115  -0.103418
47.725000  -0.102030  -0.103334
47.750000  -0.101945  -0.103251
47.775000  -0.101861  -0.103168
47.800000  -0.101776  -0.103084
47.825000  -0.101692  -0.103001
47.850000  -0.101608  -0.102918
47.875000  -0.101524  -0.102835
47.900000  -0.101440  -0.102752
47.925000  -0.101356  -0.102669
47.950000  -0.101272  -0.102587
47.975000  -0.101188  -0.102504
48.000000  -0.101105  -0.102422
48.025000  -0.101021  -0.102339
48.050000  -0.100938  -0.102257
48.075000  -0.100854  -0.102175
48.100000  -0.100771  -0.102093
48.125000  -0.100688  -0.102010
48.150000  -0.100605  -0.101929
48.175000  -0.100522  -0.101847
48.200000  -0.100439  -0.101765
48.225000  -0.100356  -0.101683
48.250000  -0.100274  -0.101602
48.275000  -0.100191  -0.101520
48.300000  -0.100108  -0.101439
48.325000  -0.100026  -0.101357
48.350000  -0.099944  -0.101276
48.375000  -0.099862  -0.101195
48.400000  -0.099779  -0.101114
48.425000  -0.099697  -0.101033
48.450000  -0.099616  -0.100952
48.475000  -0.099534  -0.100872
48.500000  -0.099452  -0.100791
48.525000  -0.099370  -0.100710
48.550000  -0.099289  -0.100630
48.575000  -0.099207  -0.100549
48.600000  -0.099126  -0.100469
48.625000  -0.099045  -0.100389
48.650000  -0.098964  -0.100309
48.675000  -0.098882  -0.100229
48.700000  -0.098802  -0.100149
48.725000  -0.098721  -0.100069
48.750000  -0.098640  -0.099989
48.775000  -0.098559  -0.099910
48.800000  -0.098478  -0.099830
48.825000  -0.098398  -0.099751
48.850000  -0.098318  -0.099671
48.875000  -0.098237  -0.099592
48.900000  -0.098157  -0.099513
48.925000  -0.098077  -0.099434
48.950000  -0.097997  -0.099355
48.975000  -0.097917  -0.099276
49.000000  -0.097837  -0.099197
49.025000  -0.097757  -0.099118
49.050000  -0.097677  -0.099039
49.075000  -0.097598  -0.098961
49.100000  -0.097518  -0.098882
49.125000  -0.097439  -0.098804
49.150000  -0.097359  -0.098725
49.175000  -0.097280  -0.098647
49.200000  -0.097201  -0.098569
49.225000  -0.097122  -0.098491
49.250000  -0.097043  -0.098413
49.275000  -0.096964  -0.098335
49.300000  -0.096885  -0.098257
49.325000  -0.096806  -0.098180
49.350000  -0.096728  -0.098102
49.375000  -0.096649  -0.098024
49.400000  -0.096571  -0.097947
49.425000  -0.096492  -0.097870
49.450000  -0.096414  -0.097792
49.475000  -0.096336  -0.097715
49.500000  -0.096258  -0.097638
49.525000  -0.096180  -0.097561
49.550000  -0.096102  -0.097484
49.575000  -0.096024  -0.097407
49.600000  -0.095946  -0.097330
49.625000  -0.095869  -0.097254
49.650000  -0.095791  -0.097177
49.675000  -0.095714  -0.097100
49.700000  -0.095636  -0.097024
49.725000  -0.095559  -0.096948
49.750000  -0.095482  -0.096871
49.775000  -0.095404  -0.096795
49.800000  -0.095327  -0.096719
49.825000  -0.095250  -0.096643
49.850000  -0.095173  -0.096567
49.875000  -0.095097  -0.096491
49.900000  -0.095020  -0.096416
49.925000  -0.094943  -0.096340
49.950000  -0.094867  -0.096264
49.975000  -0.094790  -0.096189
50.000000  -0.094714  -0.096113
